INFO [2024-05-15 11:37:18] $x
INFO [2024-05-15 11:37:18] list(Orendain = vars_ela_orendain, Brieant = vars_ela_brieant)
INFO [2024-05-15 11:37:18] 
INFO [2024-05-15 11:37:18] $filename
INFO [2024-05-15 11:37:18] NULL
INFO [2024-05-15 11:37:18] 
INFO [2024-05-15 11:37:18] $category.names
INFO [2024-05-15 11:37:18] c("Orendain et al. 2023", "Brieant et al. 2023")
INFO [2024-05-15 11:37:18] 
INFO [2024-05-15 11:37:18] $output
INFO [2024-05-15 11:37:18] [1] TRUE
INFO [2024-05-15 11:37:18] 
INFO [2024-05-15 11:37:18] $main
INFO [2024-05-15 11:37:18] [1] "Venn Diagram of Variables in ELA Data Studies"
INFO [2024-05-15 11:37:18] 
INFO [2024-05-15 11:37:18] $fill
INFO [2024-05-15 11:37:18] c("salmon", "lightblue")
INFO [2024-05-15 11:37:18] 
INFO [2024-05-15 11:37:18] $alpha
INFO [2024-05-15 11:37:18] [1] 0.5
INFO [2024-05-15 11:37:18] 
INFO [2024-05-15 11:37:18] $label.col
INFO [2024-05-15 11:37:18] [1] "darkblue"
INFO [2024-05-15 11:37:18] 
INFO [2024-05-15 11:37:18] $cex
INFO [2024-05-15 11:37:18] [1] 1.5
INFO [2024-05-15 11:37:18] 
INFO [2024-05-15 11:37:18] $fontfamily
INFO [2024-05-15 11:37:18] [1] "serif"
INFO [2024-05-15 11:37:18] 
INFO [2024-05-15 11:37:18] $cat.cex
INFO [2024-05-15 11:37:18] [1] 1.5
INFO [2024-05-15 11:37:18] 
INFO [2024-05-15 11:37:18] $cat.col
INFO [2024-05-15 11:37:18] [1] "darkblue"
INFO [2024-05-15 11:37:18] 
INFO [2024-05-15 11:37:18] $cat.pos
INFO [2024-05-15 11:37:18] [1] 0
INFO [2024-05-15 11:37:18] 
INFO [2024-05-15 11:37:18] $cat.dist
INFO [2024-05-15 11:37:18] [1] 0.07
INFO [2024-05-15 11:37:18] 
INFO [2024-05-15 11:37:18] $cat.fontfamily
INFO [2024-05-15 11:37:18] [1] "serif"
INFO [2024-05-15 11:37:18] 
