INFO [2024-05-13 16:36:07] $x
INFO [2024-05-13 16:36:07] list(Orendain = vars_ela_orendain, Brieant = vars_ela_brieant)
INFO [2024-05-13 16:36:07] 
INFO [2024-05-13 16:36:07] $filename
INFO [2024-05-13 16:36:07] NULL
INFO [2024-05-13 16:36:07] 
INFO [2024-05-13 16:36:07] $category.names
INFO [2024-05-13 16:36:07] c("Orendain et al. 2023", "Brieant et al. 2023")
INFO [2024-05-13 16:36:07] 
INFO [2024-05-13 16:36:07] $output
INFO [2024-05-13 16:36:07] [1] TRUE
INFO [2024-05-13 16:36:07] 
INFO [2024-05-13 16:36:07] $main
INFO [2024-05-13 16:36:07] [1] "Venn Diagram of Variables in ELA Data Studies"
INFO [2024-05-13 16:36:07] 
INFO [2024-05-13 16:36:07] $fill
INFO [2024-05-13 16:36:07] c("salmon", "lightblue")
INFO [2024-05-13 16:36:07] 
INFO [2024-05-13 16:36:07] $alpha
INFO [2024-05-13 16:36:07] [1] 0.5
INFO [2024-05-13 16:36:07] 
INFO [2024-05-13 16:36:07] $label.col
INFO [2024-05-13 16:36:07] [1] "darkblue"
INFO [2024-05-13 16:36:07] 
INFO [2024-05-13 16:36:07] $cex
INFO [2024-05-13 16:36:07] [1] 1.5
INFO [2024-05-13 16:36:07] 
INFO [2024-05-13 16:36:07] $fontfamily
INFO [2024-05-13 16:36:07] [1] "serif"
INFO [2024-05-13 16:36:07] 
INFO [2024-05-13 16:36:07] $cat.cex
INFO [2024-05-13 16:36:07] [1] 1.5
INFO [2024-05-13 16:36:07] 
INFO [2024-05-13 16:36:07] $cat.col
INFO [2024-05-13 16:36:07] [1] "darkblue"
INFO [2024-05-13 16:36:07] 
INFO [2024-05-13 16:36:07] $cat.pos
INFO [2024-05-13 16:36:07] [1] 0
INFO [2024-05-13 16:36:07] 
INFO [2024-05-13 16:36:07] $cat.dist
INFO [2024-05-13 16:36:07] [1] 0.07
INFO [2024-05-13 16:36:07] 
INFO [2024-05-13 16:36:07] $cat.fontfamily
INFO [2024-05-13 16:36:07] [1] "serif"
INFO [2024-05-13 16:36:07] 
