INFO [2024-05-13 17:09:56] $x
INFO [2024-05-13 17:09:56] list(Orendain = vars_ela_orendain, Brieant = vars_ela_brieant)
INFO [2024-05-13 17:09:56] 
INFO [2024-05-13 17:09:56] $filename
INFO [2024-05-13 17:09:56] NULL
INFO [2024-05-13 17:09:56] 
INFO [2024-05-13 17:09:56] $category.names
INFO [2024-05-13 17:09:56] c("Orendain et al. 2023", "Brieant et al. 2023")
INFO [2024-05-13 17:09:56] 
INFO [2024-05-13 17:09:56] $output
INFO [2024-05-13 17:09:56] [1] TRUE
INFO [2024-05-13 17:09:56] 
INFO [2024-05-13 17:09:56] $main
INFO [2024-05-13 17:09:56] [1] "Venn Diagram of Variables in ELA Data Studies"
INFO [2024-05-13 17:09:56] 
INFO [2024-05-13 17:09:56] $fill
INFO [2024-05-13 17:09:56] c("salmon", "lightblue")
INFO [2024-05-13 17:09:56] 
INFO [2024-05-13 17:09:56] $alpha
INFO [2024-05-13 17:09:56] [1] 0.5
INFO [2024-05-13 17:09:56] 
INFO [2024-05-13 17:09:56] $label.col
INFO [2024-05-13 17:09:56] [1] "darkblue"
INFO [2024-05-13 17:09:56] 
INFO [2024-05-13 17:09:56] $cex
INFO [2024-05-13 17:09:56] [1] 1.5
INFO [2024-05-13 17:09:56] 
INFO [2024-05-13 17:09:56] $fontfamily
INFO [2024-05-13 17:09:56] [1] "serif"
INFO [2024-05-13 17:09:56] 
INFO [2024-05-13 17:09:56] $cat.cex
INFO [2024-05-13 17:09:56] [1] 1.5
INFO [2024-05-13 17:09:56] 
INFO [2024-05-13 17:09:56] $cat.col
INFO [2024-05-13 17:09:56] [1] "darkblue"
INFO [2024-05-13 17:09:56] 
INFO [2024-05-13 17:09:56] $cat.pos
INFO [2024-05-13 17:09:56] [1] 0
INFO [2024-05-13 17:09:56] 
INFO [2024-05-13 17:09:56] $cat.dist
INFO [2024-05-13 17:09:56] [1] 0.07
INFO [2024-05-13 17:09:56] 
INFO [2024-05-13 17:09:56] $cat.fontfamily
INFO [2024-05-13 17:09:56] [1] "serif"
INFO [2024-05-13 17:09:56] 
