INFO [2024-05-13 16:38:23] $x
INFO [2024-05-13 16:38:23] list(Orendain = vars_ela_orendain, Brieant = vars_ela_brieant)
INFO [2024-05-13 16:38:23] 
INFO [2024-05-13 16:38:23] $filename
INFO [2024-05-13 16:38:23] NULL
INFO [2024-05-13 16:38:23] 
INFO [2024-05-13 16:38:23] $category.names
INFO [2024-05-13 16:38:23] c("Orendain et al. 2023", "Brieant et al. 2023")
INFO [2024-05-13 16:38:23] 
INFO [2024-05-13 16:38:23] $output
INFO [2024-05-13 16:38:23] [1] TRUE
INFO [2024-05-13 16:38:23] 
INFO [2024-05-13 16:38:23] $main
INFO [2024-05-13 16:38:23] [1] "Venn Diagram of Variables in ELA Data Studies"
INFO [2024-05-13 16:38:23] 
INFO [2024-05-13 16:38:23] $fill
INFO [2024-05-13 16:38:23] c("salmon", "lightblue")
INFO [2024-05-13 16:38:23] 
INFO [2024-05-13 16:38:23] $alpha
INFO [2024-05-13 16:38:23] [1] 0.5
INFO [2024-05-13 16:38:23] 
INFO [2024-05-13 16:38:23] $label.col
INFO [2024-05-13 16:38:23] [1] "darkblue"
INFO [2024-05-13 16:38:23] 
INFO [2024-05-13 16:38:23] $cex
INFO [2024-05-13 16:38:23] [1] 1.5
INFO [2024-05-13 16:38:23] 
INFO [2024-05-13 16:38:23] $fontfamily
INFO [2024-05-13 16:38:23] [1] "serif"
INFO [2024-05-13 16:38:23] 
INFO [2024-05-13 16:38:23] $cat.cex
INFO [2024-05-13 16:38:23] [1] 1.5
INFO [2024-05-13 16:38:23] 
INFO [2024-05-13 16:38:23] $cat.col
INFO [2024-05-13 16:38:23] [1] "darkblue"
INFO [2024-05-13 16:38:23] 
INFO [2024-05-13 16:38:23] $cat.pos
INFO [2024-05-13 16:38:23] [1] 0
INFO [2024-05-13 16:38:23] 
INFO [2024-05-13 16:38:23] $cat.dist
INFO [2024-05-13 16:38:23] [1] 0.07
INFO [2024-05-13 16:38:23] 
INFO [2024-05-13 16:38:23] $cat.fontfamily
INFO [2024-05-13 16:38:23] [1] "serif"
INFO [2024-05-13 16:38:23] 
